2026-03-15 14:45:18,766 NanoPlot 1.42.0 started with arguments Namespace(threads=1, verbose=False, store=False, raw=False, huge=False, outdir='results/nanoplot/barcode77', no_static=False, prefix='barcode77', tsv_stats=False, only_report=False, info_in_report=False, maxlength=None, minlength=None, drop_outliers=False, downsample=None, loglength=False, percentqual=False, alength=False, minqual=None, runtime_until=None, readtype='1D', barcoded=False, no_supplementary=False, color='#4CB391', colormap='Greens', format=['png'], plots=['dot'], legacy=None, listcolors=False, listcolormaps=False, no_N50=False, N50=True, title='barcode77 NanoPlot QC', font_scale=1, dpi=100, hide_stats=False, fastq=['data/barcode77.fastq'], fasta=None, fastq_rich=None, fastq_minimal=None, summary=None, bam=None, ubam=None, cram=None, pickle=None, feather=None, path='results/nanoplot/barcode77/barcode77')
2026-03-15 14:45:18,766 Python version is: 3.11.15 | packaged by conda-forge | (main, Mar  5 2026, 16:45:40) [GCC 14.3.0]
2026-03-15 14:45:18,777 Nanoget: Starting to collect statistics from plain fastq file.
2026-03-15 14:45:23,256 Reduced DataFrame memory usage from 1.2362556457519531Mb to 1.2362556457519531Mb
2026-03-15 14:45:23,268 Nanoget: Gathered all metrics of 81011 reads
2026-03-15 14:45:23,296 Calculated statistics
2026-03-15 14:45:23,296 Using sequenced read lengths for plotting.
2026-03-15 14:45:23,301 NanoPlot:  Valid color #4CB391.
2026-03-15 14:45:23,302 NanoPlot:  Valid colormap Greens.
2026-03-15 14:45:23,308 NanoPlot:  Creating length plots for Read length.
2026-03-15 14:45:23,309 NanoPlot: Using 81011 reads with read length N50 of 1761bp and maximum of 686155bp.
2026-03-15 14:45:24,496 Saved results/nanoplot/barcode77/barcode77WeightedHistogramReadlength  as png (or png for --legacy)
2026-03-15 14:45:25,142 Saved results/nanoplot/barcode77/barcode77WeightedLogTransformed_HistogramReadlength  as png (or png for --legacy)
2026-03-15 14:45:25,769 Saved results/nanoplot/barcode77/barcode77Non_weightedHistogramReadlength  as png (or png for --legacy)
2026-03-15 14:45:26,417 Saved results/nanoplot/barcode77/barcode77Non_weightedLogTransformed_HistogramReadlength  as png (or png for --legacy)
2026-03-15 14:45:26,447 Expected object of length 10000, got length: 81011
Traceback (most recent call last):
  File "/home/melissa/miniconda3/envs/longread-qc/lib/python3.11/site-packages/nanoplot/NanoPlot.py", line 110, in main
    plots = make_plots(datadf, settings)
            ^^^^^^^^^^^^^^^^^^^^^^^^^^^^
  File "/home/melissa/miniconda3/envs/longread-qc/lib/python3.11/site-packages/nanoplot/NanoPlot.py", line 166, in make_plots
    nanoplotter.length_plots(
  File "/home/melissa/miniconda3/envs/longread-qc/lib/python3.11/site-packages/nanoplotter/nanoplotter_main.py", line 510, in length_plots
    yield_by_minimal_length_plot(
  File "/home/melissa/miniconda3/envs/longread-qc/lib/python3.11/site-packages/nanoplotter/nanoplotter_main.py", line 564, in yield_by_minimal_length_plot
    fig = px.scatter(df, x=df.reindex(idx)["lengths"], y=df.reindex(idx)["cumyield_gb"])
          ^^^^^^^^^^^^^^^^^^^^^^^^^^^^^^^^^^^^^^^^^^^^^^^^^^^^^^^^^^^^^^^^^^^^^^^^^^^^^^
  File "/home/melissa/miniconda3/envs/longread-qc/lib/python3.11/site-packages/plotly/express/_chart_types.py", line 69, in scatter
    return make_figure(args=locals(), constructor=go.Scatter)
           ^^^^^^^^^^^^^^^^^^^^^^^^^^^^^^^^^^^^^^^^^^^^^^^^^^
  File "/home/melissa/miniconda3/envs/longread-qc/lib/python3.11/site-packages/plotly/express/_core.py", line 2511, in make_figure
    args = build_dataframe(args, constructor)
           ^^^^^^^^^^^^^^^^^^^^^^^^^^^^^^^^^^
  File "/home/melissa/miniconda3/envs/longread-qc/lib/python3.11/site-packages/plotly/express/_core.py", line 1757, in build_dataframe
    df_output, wide_id_vars = process_args_into_dataframe(
                              ^^^^^^^^^^^^^^^^^^^^^^^^^^^^
  File "/home/melissa/miniconda3/envs/longread-qc/lib/python3.11/site-packages/plotly/express/_core.py", line 1233, in process_args_into_dataframe
    reserved_names = _get_reserved_col_names(args) if df_provided else set()
                     ^^^^^^^^^^^^^^^^^^^^^^^^^^^^^
  File "/home/melissa/miniconda3/envs/longread-qc/lib/python3.11/site-packages/plotly/express/_core.py", line 1135, in _get_reserved_col_names
    in_df = (arg_series == df.get_column(arg_name)).all()
             ^^^^^^^^^^^^^^^^^^^^^^^^^^^^^^^^^^^^^
  File "/home/melissa/miniconda3/envs/longread-qc/lib/python3.11/site-packages/narwhals/series.py", line 1720, in __eq__
    self._compliant_series.__eq__(self._extract_native(other))
  File "/home/melissa/miniconda3/envs/longread-qc/lib/python3.11/site-packages/narwhals/_pandas_like/series.py", line 413, in __eq__
    return self._with_binary(operator.eq, other)
           ^^^^^^^^^^^^^^^^^^^^^^^^^^^^^^^^^^^^^
  File "/home/melissa/miniconda3/envs/longread-qc/lib/python3.11/site-packages/narwhals/_pandas_like/series.py", line 403, in _with_binary
    ser, other_native = align_and_extract_native(self, other)
                        ^^^^^^^^^^^^^^^^^^^^^^^^^^^^^^^^^^^^^
  File "/home/melissa/miniconda3/envs/longread-qc/lib/python3.11/site-packages/narwhals/_pandas_like/utils.py", line 152, in align_and_extract_native
    set_index(rhs.native, lhs_index, implementation=rhs._implementation),
    ^^^^^^^^^^^^^^^^^^^^^^^^^^^^^^^^^^^^^^^^^^^^^^^^^^^^^^^^^^^^^^^^^^^^
  File "/home/melissa/miniconda3/envs/longread-qc/lib/python3.11/site-packages/narwhals/_pandas_like/utils.py", line 175, in set_index
    raise ShapeError(msg)
narwhals.exceptions.ShapeError: Expected object of length 10000, got length: 81011
